\BOOKMARK [1][-]{section.1}{\376\377\137\025\212\000}{}% 1
\BOOKMARK [2][-]{subsection.1.1}{\376\377\170\024\172\166\200\314\146\157\060\001\137\305\211\201\140\047\116\016\166\370\121\163\140\047}{section.1}% 2
\BOOKMARK [2][-]{subsection.1.2}{\376\377\170\024\172\166\166\356\150\007}{section.1}% 3
\BOOKMARK [2][-]{subsection.1.3}{\376\377\116\073\211\201\215\041\163\056\116\016\145\271\154\325\151\202\211\310}{section.1}% 4
\BOOKMARK [1][-]{section.2}{\376\377\166\370\121\163\135\345\117\134}{}% 5
\BOOKMARK [2][-]{subsection.2.1}{\376\377\124\310\136\014\123\273\221\315\116\016\217\157\116\366\122\066\124\301\154\273\164\006}{section.2}% 6
\BOOKMARK [2][-]{subsection.2.2}{\376\377\116\343\170\001\166\370\117\074\140\047\150\300\155\113\145\271\154\325}{section.2}% 7
\BOOKMARK [2][-]{subsection.2.3}{\376\377\123\072\127\127\224\376\133\130\213\301\116\016\123\357\133\241\213\241\140\047}{section.2}% 8
\BOOKMARK [1][-]{section.3}{\376\377\123\314\143\007\176\271\230\316\226\151\122\006\155\101\145\271\154\325}{}% 9
\BOOKMARK [2][-]{subsection.3.1}{\376\377\145\164\117\123\155\101\172\013}{section.3}% 10
\BOOKMARK [2][-]{subsection.3.2}{\376\377\123\314\143\007\176\271\133\232\116\111}{section.3}% 11
\BOOKMARK [2][-]{subsection.3.3}{\376\377\230\316\226\151\122\006\155\101\211\304\122\031}{section.3}% 12
\BOOKMARK [2][-]{subsection.3.4}{\376\377\162\266\140\001\147\072\116\016\133\241\213\241\133\127\153\265}{section.3}% 13
\BOOKMARK [1][-]{section.4}{\376\377\174\373\176\337\133\236\163\260}{}% 14
\BOOKMARK [2][-]{subsection.4.1}{\376\377\133\236\163\260\147\266\147\204\116\016\152\041\127\127\122\022\122\006}{section.4}% 15
\BOOKMARK [2][-]{subsection.4.2}{\376\377\124\016\172\357\150\070\137\303\147\015\122\241\133\236\163\260}{section.4}% 16
\BOOKMARK [2][-]{subsection.4.3}{\376\377\122\115\172\357\116\032\122\241\177\026\143\222\116\016\116\244\116\222\220\073\217\221}{section.4}% 17
\BOOKMARK [2][-]{subsection.4.4}{\376\377\224\376\116\012\224\376\116\013\123\117\124\014\116\016\116\000\201\364\140\047\117\335\226\234}{section.4}% 18
\BOOKMARK [1][-]{section.5}{\376\377\133\236\232\214\213\276\213\241\116\016\176\323\147\234\122\006\147\220\377\010\143\320\176\262\377\011}{}% 19
\BOOKMARK [2][-]{subsection.5.1}{\376\377\145\160\143\156\226\306\116\016\150\067\147\054\147\204\220\040}{section.5}% 20
\BOOKMARK [2][-]{subsection.5.2}{\376\377\133\371\153\324\145\271\150\110}{section.5}% 21
\BOOKMARK [2][-]{subsection.5.3}{\376\377\213\304\116\367\143\007\150\007}{section.5}% 22
\BOOKMARK [2][-]{subsection.5.4}{\376\377\155\210\207\215\116\016\145\117\141\037\140\047\133\236\232\214}{section.5}% 23
\BOOKMARK [2][-]{subsection.5.5}{\376\377\176\323\147\234\124\110\163\260\152\041\147\177}{section.5}% 24
\BOOKMARK [1][-]{section.6}{\376\377\176\323\213\272\116\016\134\125\147\033\377\010\143\320\176\262\377\011}{}% 25
