\BOOKMARK [1][-]{section.1}{\376\377\137\025\212\000}{}% 1
\BOOKMARK [2][-]{subsection.1.1}{\376\377\225\356\230\230\200\314\146\157\116\016\150\070\137\303\165\333\160\271}{section.1}% 2
\BOOKMARK [2][-]{subsection.1.2}{\376\377\163\260\147\011\145\271\154\325\166\204\134\100\226\120\116\016\147\054\145\207\177\072\123\343}{section.1}% 3
\BOOKMARK [2][-]{subsection.1.3}{\376\377\147\054\145\207\215\041\163\056}{section.1}% 4
\BOOKMARK [2][-]{subsection.1.4}{\376\377\170\024\172\166\133\232\117\115}{section.1}% 5
\BOOKMARK [2][-]{subsection.1.5}{\376\377\213\272\145\207\176\323\147\204}{section.1}% 6
\BOOKMARK [1][-]{section.2}{\376\377\166\370\121\163\135\345\117\134}{}% 7
\BOOKMARK [2][-]{subsection.2.1}{\376\377\217\157\116\366\122\066\124\301\123\273\221\315}{section.2}% 8
\BOOKMARK [2][-]{subsection.2.2}{\376\377\116\343\170\001\166\370\117\074\150\300\155\113}{section.2}% 9
\BOOKMARK [2][-]{subsection.2.3}{\376\377\134\100\220\350\145\117\141\037\143\007\176\271}{section.2}% 10
\BOOKMARK [2][-]{subsection.2.4}{\376\377\135\345\116\032\230\316\143\247\116\016\116\272\147\072\123\117\124\014}{section.2}% 11
\BOOKMARK [2][-]{subsection.2.5}{\376\377\170\024\172\166\135\356\137\002\140\073\176\323}{section.2}% 12
\BOOKMARK [1][-]{section.3}{\376\377\145\271\154\325}{}% 13
\BOOKMARK [2][-]{subsection.3.1}{\376\377\174\373\176\337\155\101\172\013\377\010\116\224\153\145\377\011}{section.3}% 14
\BOOKMARK [2][-]{subsection.3.2}{\376\377\123\314\134\102\144\130\211\201\147\204\136\372}{section.3}% 15
\BOOKMARK [2][-]{subsection.3.3}{\376\377\144\130\211\201\215\335\171\273\122\006}{section.3}% 16
\BOOKMARK [2][-]{subsection.3.4}{\376\377\230\316\226\151\213\304\117\060\211\304\122\031\377\010\137\142\137\017\123\026\152\041\147\177\377\011}{section.3}% 17
\BOOKMARK [2][-]{subsection.3.5}{\376\377\173\227\154\325\131\015\147\102\136\246\116\016\135\345\172\013\141\017\116\111}{section.3}% 18
\BOOKMARK [2][-]{subsection.3.6}{\376\377\220\002\165\050\217\271\165\114}{section.3}% 19
\BOOKMARK [1][-]{section.4}{\376\377\174\373\176\337\133\236\163\260}{}% 20
\BOOKMARK [2][-]{subsection.4.1}{\376\377\220\350\177\162\147\266\147\204}{section.4}% 21
\BOOKMARK [2][-]{subsection.4.2}{\376\377\133\241\213\241\133\127\153\265\156\005\123\125}{section.4}% 22
\BOOKMARK [2][-]{subsection.4.3}{\376\377\123\357\211\343\221\312\217\324\126\336\121\205\133\271}{section.4}% 23
\BOOKMARK [2][-]{subsection.4.4}{\376\377\211\304\122\031\116\016\226\010\120\074\162\110\147\054\123\026}{section.4}% 24
\BOOKMARK [1][-]{section.5}{\376\377\133\236\232\214\213\276\213\241}{}% 25
\BOOKMARK [2][-]{subsection.5.1}{\376\377\145\160\143\156\226\306\123\117\213\256}{section.5}% 26
\BOOKMARK [2][-]{subsection.5.2}{\376\377\127\372\176\277\213\276\177\156}{section.5}% 27
\BOOKMARK [2][-]{subsection.5.3}{\376\377\213\304\116\367\143\007\150\007}{section.5}% 28
\BOOKMARK [2][-]{subsection.5.4}{\376\377\226\010\120\074\220\011\142\351}{section.5}% 29
\BOOKMARK [2][-]{subsection.5.5}{\376\377\155\210\207\215\133\236\232\214\377\010\126\372\133\232\126\333\176\304\377\011}{section.5}% 30
\BOOKMARK [2][-]{subsection.5.6}{\376\377\133\236\232\214\142\177\213\372}{section.5}% 31
\BOOKMARK [1][-]{section.6}{\376\377\176\323\147\234\116\016\122\006\147\220}{}% 32
\BOOKMARK [2][-]{subsection.6.1}{\376\377\116\073\176\323\147\234\377\010\230\204\147\037\377\011}{section.6}% 33
\BOOKMARK [2][-]{subsection.6.2}{\376\377\116\032\122\241\145\066\166\312\377\010\230\204\147\037\377\011}{section.6}% 34
\BOOKMARK [2][-]{subsection.6.3}{\376\377\226\010\120\074\122\006\147\220}{section.6}% 35
\BOOKMARK [2][-]{subsection.6.4}{\376\377\213\357\135\356\122\006\147\220\377\010\121\170\127\213\116\011\174\173\377\011}{section.6}% 36
\BOOKMARK [2][-]{subsection.6.5}{\376\377\147\011\145\110\140\047\132\001\200\301}{section.6}% 37
\BOOKMARK [1][-]{section.7}{\376\377\176\323\213\272\116\016\134\125\147\033}{}% 38
\BOOKMARK [2][-]{subsection.7.1}{\376\377\176\323\213\272}{section.7}% 39
\BOOKMARK [2][-]{subsection.7.2}{\376\377\134\125\147\033\377\010\135\345\172\013\123\026\116\011\147\141\377\011}{section.7}% 40
\BOOKMARK [2][-]{subsection.7.3}{\376\377\133\232\117\115\221\315\165\063}{section.7}% 41
