\BOOKMARK [1][-]{section.1}{\376\377\217\157\116\366\151\202\217\360}{}% 1
\BOOKMARK [1][-]{section.2}{\376\377\142\200\147\057\147\266\147\204\116\016\217\320\210\114\163\257\130\203}{}% 2
\BOOKMARK [2][-]{subsection.2.1}{\376\377\140\073\117\123\142\200\147\057\147\266\147\204}{section.2}% 3
\BOOKMARK [2][-]{subsection.2.2}{\376\377\147\266\147\204\220\073\217\221\213\364\146\016}{section.2}% 4
\BOOKMARK [2][-]{subsection.2.3}{\376\377\217\320\210\114\163\257\130\203\211\201\154\102}{section.2}% 5
\BOOKMARK [1][-]{section.3}{\376\377\122\237\200\375\211\304\150\074\213\364\146\016}{}% 6
\BOOKMARK [2][-]{subsection.3.1}{\376\377\215\046\123\367\116\016\116\073\117\123\173\241\164\006\122\237\200\375}{section.3}% 7
\BOOKMARK [2][-]{subsection.3.2}{\376\377\162\110\147\103\165\063\213\367\116\016\123\327\164\006\122\237\200\375}{section.3}% 8
\BOOKMARK [2][-]{subsection.3.3}{\376\377\230\316\226\151\213\304\117\060\116\016\131\015\150\070\122\237\200\375}{section.3}% 9
\BOOKMARK [2][-]{subsection.3.4}{\376\377\116\012\224\376\170\156\147\103\116\016\213\301\143\156\173\241\164\006\122\237\200\375}{section.3}% 10
\BOOKMARK [2][-]{subsection.3.5}{\376\377\147\345\213\342\116\016\173\241\164\006\122\237\200\375}{section.3}% 11
\BOOKMARK [1][-]{section.4}{\376\377\172\013\136\217\213\276\213\241\213\364\146\016}{}% 12
\BOOKMARK [2][-]{subsection.4.1}{\376\377\124\016\172\357\122\006\134\102\116\016\200\114\215\043\122\022\122\006}{section.4}% 13
\BOOKMARK [2][-]{subsection.4.2}{\376\377\122\115\172\357\152\041\127\127\116\016\230\165\227\142\176\304\176\307}{section.4}% 14
\BOOKMARK [2][-]{subsection.4.3}{\376\377\121\163\225\056\133\236\117\123\152\041\127\213\213\276\213\241}{section.4}% 15
\BOOKMARK [2][-]{subsection.4.4}{\376\377\162\266\140\001\147\072\116\016\116\032\122\241\176\246\147\137\213\276\213\241}{section.4}% 16
\BOOKMARK [1][-]{section.5}{\376\377\121\163\225\056\155\101\172\013\213\276\213\241}{}% 17
\BOOKMARK [2][-]{subsection.5.1}{\376\377\165\063\213\367\122\060\116\012\224\376\155\101\172\013}{section.5}% 18
\BOOKMARK [2][-]{subsection.5.2}{\376\377\131\015\150\070\131\004\164\006\155\101\172\013}{section.5}% 19
\BOOKMARK [2][-]{subsection.5.3}{\376\377\147\345\213\342\116\016\217\375\156\257\155\101\172\013}{section.5}% 20
\BOOKMARK [1][-]{section.6}{\376\377\145\160\143\156\136\223\116\016\143\245\123\343\213\276\213\241\213\364\146\016}{}% 21
\BOOKMARK [2][-]{subsection.6.1}{\376\377\145\160\143\156\136\223\210\150\213\276\213\241\213\364\146\016}{section.6}% 22
\BOOKMARK [2][-]{subsection.6.2}{\376\377\143\245\123\343\122\006\176\304\116\016\200\114\215\043\213\364\146\016}{section.6}% 23
\BOOKMARK [2][-]{subsection.6.3}{\376\377\121\170\127\213\143\245\123\343\116\244\116\222\213\364\146\016}{section.6}% 24
\BOOKMARK [1][-]{section.7}{\376\377\133\211\121\150\116\016\147\103\226\120\213\276\213\241\213\364\146\016}{}% 25
\BOOKMARK [2][-]{subsection.7.1}{\376\377\213\244\213\301\147\072\122\066\213\276\213\241}{section.7}% 26
\BOOKMARK [2][-]{subsection.7.2}{\376\377\143\210\147\103\147\072\122\066\213\276\213\241}{section.7}% 27
\BOOKMARK [2][-]{subsection.7.3}{\376\377\145\160\143\156\133\211\121\150\116\016\133\241\213\241\213\276\213\241}{section.7}% 28
\BOOKMARK [1][-]{section.8}{\376\377\137\000\123\321\116\016\155\113\213\325\213\364\146\016}{}% 29
\BOOKMARK [2][-]{subsection.8.1}{\376\377\137\000\123\321\133\236\163\260\213\364\146\016}{section.8}% 30
\BOOKMARK [2][-]{subsection.8.2}{\376\377\123\125\121\103\155\113\213\325\116\016\211\304\122\031\155\113\213\325}{section.8}% 31
\BOOKMARK [2][-]{subsection.8.3}{\376\377\200\124\214\003\155\113\213\325\136\372\213\256\116\016\232\214\145\066\123\343\137\204}{section.8}% 32
\BOOKMARK [1][-]{section.9}{\376\377\165\050\142\067\144\315\117\134\213\364\146\016}{}% 33
\BOOKMARK [2][-]{subsection.9.1}{\376\377\146\156\220\032\165\050\142\067\144\315\117\134\155\101\172\013}{section.9}% 34
\BOOKMARK [2][-]{subsection.9.2}{\376\377\133\241\150\070\124\130\144\315\117\134\155\101\172\013}{section.9}% 35
\BOOKMARK [2][-]{subsection.9.3}{\376\377\173\241\164\006\124\130\144\315\117\134\155\101\172\013}{section.9}% 36
\BOOKMARK [1][-]{section.10}{\376\377\174\373\176\337\165\114\227\142\213\276\213\241\116\016\142\052\126\376\213\364\146\016}{}% 37
